#
# A fatal error has been detected by the Java Runtime Environment:
#
#  EXCEPTION_ACCESS_VIOLATION (0xc0000005) at pc=0x00007fffa1811794, pid=1788, tid=11104
#
# JRE version: OpenJDK Runtime Environment Temurin-21.0.10+7 (21.0.10+7) (build 21.0.10+7-LTS)
# Java VM: OpenJDK 64-Bit Server VM Temurin-21.0.10+7 (21.0.10+7-LTS, mixed mode, sharing, tiered, compressed oops, compressed class ptrs, parallel gc, windows-amd64)
# Problematic frame:
# V  [jvm.dll+0x821794]
#
# No core dump will be written. Minidumps are not enabled by default on client versions of Windows
#
# If you would like to submit a bug report, please visit:
#   https://github.com/adoptium/adoptium-support/issues
#

---------------  S U M M A R Y ------------

Command Line: --add-modules=ALL-SYSTEM --add-opens=java.base/java.util=ALL-UNNAMED --add-opens=java.base/java.lang=ALL-UNNAMED --add-opens=java.base/sun.nio.fs=ALL-UNNAMED -Declipse.application=org.eclipse.jdt.ls.core.id1 -Dosgi.bundles.defaultStartLevel=4 -Declipse.product=org.eclipse.jdt.ls.core.product -Djava.import.generatesMetadataFilesAtProjectRoot=false -DDetectVMInstallationsJob.disabled=true -Dfile.encoding=utf8 -XX:+UseParallelGC -XX:GCTimeRatio=4 -XX:AdaptiveSizePolicyWeight=90 -Dsun.zip.disableMemoryMapping=true -Xmx2G -Xms100m -Xlog:disable -javaagent:c:\Users\acer\.vscode\extensions\redhat.java-1.54.0-win32-x64\lombok\lombok-1.18.39-4050.jar -XX:+HeapDumpOnOutOfMemoryError -XX:HeapDumpPath=c:\Users\acer\AppData\Roaming\Code\User\workspaceStorage\cc4cf5fde816e4b69b08591111e2554b\redhat.java -Daether.dependencyCollector.impl=bf c:\Users\acer\.vscode\extensions\redhat.java-1.54.0-win32-x64\server\plugins\org.eclipse.equinox.launcher_1.7.100.v20251111-0406.jar -configuration c:\Users\acer\AppData\Roaming\Code\User\globalStorage\redhat.java\1.54.0\config_win -data c:\Users\acer\AppData\Roaming\Code\User\workspaceStorage\cc4cf5fde816e4b69b08591111e2554b\redhat.java\jdt_ws --pipe=\\.\pipe\lsp-d695652e4b411bdfd6ea782a296833d6-sock

Host: Intel(R) Core(TM) i5-4210M CPU @ 2.60GHz, 4 cores, 15G,  Windows 10 , 64 bit Build 19041 (10.0.19041.5915)
Time: Sun May 17 21:16:56 2026 Malay Peninsula Standard Time elapsed time: 2.759979 seconds (0d 0h 0m 2s)

---------------  T H R E A D  ---------------

Current thread (0x0000027744be1250):  JavaThread "main"             [_thread_in_vm, id=11104, stack(0x00000084c8700000,0x00000084c8800000) (1024K)]

Stack: [0x00000084c8700000,0x00000084c8800000],  sp=0x00000084c87fb200,  free space=1004k
Native frames: (J=compiled Java code, j=interpreted, Vv=VM code, C=native code)
V  [jvm.dll+0x821794]
V  [jvm.dll+0x82408d]
V  [jvm.dll+0x823fd3]
V  [jvm.dll+0x824503]
V  [jvm.dll+0x89f3c2]
V  [jvm.dll+0x8a2697]
V  [jvm.dll+0x8a8173]
V  [jvm.dll+0x8a13b6]
V  [jvm.dll+0x3cc618]
V  [jvm.dll+0x3cb417]
V  [jvm.dll+0x3cb3b8]
V  [jvm.dll+0x5dd6c6]
V  [jvm.dll+0x5dc634]
V  [jvm.dll+0x3e0ae2]
V  [jvm.dll+0x3e019a]
C  0x000002774f338080

The last pc belongs to invokestatic (printed below).
Java frames: (J=compiled Java code, j=interpreted, Vv=VM code)
j  org.eclipse.osgi.internal.location.EquinoxLocations.canWrite(Ljava/net/URL;Ljava/lang/String;)Z+50
j  org.eclipse.osgi.internal.location.EquinoxLocations.buildLocation(Ljava/lang/String;Ljava/net/URL;Ljava/lang/String;ZZLjava/lang/String;)Lorg/eclipse/osgi/internal/location/BasicLocation;+384
j  org.eclipse.osgi.internal.location.EquinoxLocations.<init>(Lorg/eclipse/osgi/internal/framework/EquinoxConfiguration$ConfigValues;Lorg/eclipse/osgi/internal/framework/EquinoxContainer;Ljava/util/concurrent/atomic/AtomicBoolean;Ljava/util/Map;)V+483
j  org.eclipse.osgi.internal.framework.EquinoxConfiguration.<init>(Ljava/util/Map;Lorg/eclipse/osgi/internal/hookregistry/HookRegistry;)V+102
j  org.eclipse.osgi.internal.framework.EquinoxContainer.<init>(Ljava/util/Map;Lorg/osgi/framework/connect/ModuleConnector;)V+82
j  org.eclipse.osgi.launch.Equinox.<init>(Ljava/util/Map;Lorg/osgi/framework/connect/ModuleConnector;)V+10
j  org.eclipse.osgi.launch.Equinox.<init>(Ljava/util/Map;)V+3
j  org.eclipse.core.runtime.adaptor.EclipseStarter.startup([Ljava/lang/String;Ljava/lang/Runnable;)Lorg/osgi/framework/BundleContext;+28
j  org.eclipse.core.runtime.adaptor.EclipseStarter.run([Ljava/lang/String;Ljava/lang/Runnable;)Ljava/lang/Object;+21
j  java.lang.invoke.DirectMethodHandle$Holder.invokeStatic(Ljava/lang/Object;Ljava/lang/Object;Ljava/lang/Object;)Ljava/lang/Object;+11 java.base@21.0.10
j  java.lang.invoke.LambdaForm$MH+0x000002770108a800.invoke(Ljava/lang/Object;Ljava/lang/Object;Ljava/lang/Object;Ljava/lang/Object;)Ljava/lang/Object;+54 java.base@21.0.10
j  java.lang.invoke.LambdaForm$MH+0x0000027701002c00.invokeExact_MT(Ljava/lang/Object;Ljava/lang/Object;Ljava/lang/Object;Ljava/lang/Object;Ljava/lang/Object;)Ljava/lang/Object;+22 java.base@21.0.10
j  jdk.internal.reflect.DirectMethodHandleAccessor.invokeImpl(Ljava/lang/Object;[Ljava/lang/Object;)Ljava/lang/Object;+72 java.base@21.0.10
j  jdk.internal.reflect.DirectMethodHandleAccessor.invoke(Ljava/lang/Object;[Ljava/lang/Object;)Ljava/lang/Object;+23 java.base@21.0.10
j  java.lang.reflect.Method.invoke(Ljava/lang/Object;[Ljava/lang/Object;)Ljava/lang/Object;+102 java.base@21.0.10
j  org.eclipse.equinox.launcher.Main.invokeFramework([Ljava/lang/String;[Ljava/net/URL;)V+155
j  org.eclipse.equinox.launcher.Main.basicRun([Ljava/lang/String;)V+191
j  org.eclipse.equinox.launcher.Main.run([Ljava/lang/String;)I+4
j  org.eclipse.equinox.launcher.Main.main([Ljava/lang/String;)V+10
v  ~StubRoutines::call_stub 0x000002774f32100d

siginfo: EXCEPTION_ACCESS_VIOLATION (0xc0000005), reading address 0x0000000000000018


Registers:
RAX=0x0000000000000000, RBX=0x0000027744c132a0, RCX=0x0000000000001710, RDX=0x00000000b4ad1710
RSP=0x00000084c87fb200, RBP=0x000002775c8799b8, RSI=0x00000084c87fb2c0, RDI=0x00000000b4ad1700
R8 =0x0000000000000000, R9 =0x00000084c87fb2c0, R10=0x000002775c879998, R11=0x000002775c8799ba
R12=0x0000000000000000, R13=0x0000027744be1250, R14=0x00000084c87fb280, R15=0x000002774299cef0
RIP=0x00007fffa1811794, EFLAGS=0x0000000000010202

XMM[0]=0x694c2f656c69662f 0x6f696e2f6176616a
XMM[1]=0x6e6f6974704f6b6e 0x694c2f656c69662f
XMM[2]=0x0000000000000000 0x0000000000000000
XMM[3]=0x0000000000000000 0x0000000000000000
XMM[4]=0x0000000000000000 0x0000000000000000
XMM[5]=0x0000000000000000 0x0000000000000000
XMM[6]=0x0000000000000000 0x6e57dba9689eecda
XMM[7]=0xffffffffffff0001 0x0000000000000000
XMM[8]=0x0000000000000000 0xded560a54245fb4e
XMM[9]=0x0000000000000000 0xbf7c86726630f921
XMM[10]=0x0000000000000000 0x00000000a6b472af
XMM[11]=0x0000000000000000 0xcc48326232792b83
XMM[12]=0x0000000000000000 0x000000006630f921
XMM[13]=0x0000000000000000 0x0000000000000000
XMM[14]=0x0000000000000000 0x0000000000000000
XMM[15]=0x0000000000000000 0x0000000000000000
  MXCSR=0x00001fa0


Register to memory mapping:

RAX=0x0 is null
RBX=0x0000027744c132a0 points into unknown readable memory: 0x0000000000000002 | 02 00 00 00 00 00 00 00
RCX=0x0000000000001710 is an unknown value
RDX=0x00000000b4ad1710 is an unallocated location in the heap
RSP=0x00000084c87fb200 is pointing into the stack for thread: 0x0000027744be1250
RBP=0x000002775c8799b8 points into unknown readable memory: 0x6e2f6176616a4c5b | 5b 4c 6a 61 76 61 2f 6e
RSI=0x00000084c87fb2c0 is pointing into the stack for thread: 0x0000027744be1250
RDI=0x00000000b4ad1700 is an unallocated location in the heap
R8 =0x0 is null
R9 =0x00000084c87fb2c0 is pointing into the stack for thread: 0x0000027744be1250
R10=0x000002775c879998 points into unknown readable memory: 0x6f696e2f6176616a | 6a 61 76 61 2f 6e 69 6f
R11=0x000002775c8799ba points into unknown readable memory: 6a 61 76 61 2f 6e
R12=0x0 is null
R13=0x0000027744be1250 is a thread
R14=0x00000084c87fb280 is pointing into the stack for thread: 0x0000027744be1250
R15=0x000002774299cef0 points into unknown readable memory: 0x0000027744c00d80 | 80 0d c0 44 77 02 00 00

Top of Stack: (sp=0x00000084c87fb200)
0x00000084c87fb200:   0000027744be1250 00007fffa179a849
0x00000084c87fb210:   0000027744be1250 0000027744bddbf0
0x00000084c87fb220:   00000084c87fb478 0000027742998d28
0x00000084c87fb230:   0000027744be1250 000002775c8799b8
0x00000084c87fb240:   00000000b4ad1710 00007fffa181408d
0x00000084c87fb250:   0000027742998d10 000002775c8799b8
0x00000084c87fb260:   000000000000001b 00000084c87fb2c0
0x00000084c87fb270:   00000084c87fb2c8 00000084c87fadd0
0x00000084c87fb280:   00000000b4ad1710 00007fff0000001b
0x00000084c87fb290:   000002775c8799b8 00000084c87fbfa0
0x00000084c87fb2a0:   000000000000001b 000002775c8799b8
0x00000084c87fb2b0:   000002775c8799b8 00007fffa1813fd3
0x00000084c87fb2c0:   0000000000000000 00000084c87fb300
0x00000084c87fb2d0:   00000000b4ad1710 00007fffa16c6ab9
0x00000084c87fb2e0:   00000084c87fc3b0 00007fffa1814503
0x00000084c87fb2f0:   00000000b4ad1710 000002775c8799b8
0x00000084c87fb300:   000000000000001b 00000084c87fb368
0x00000084c87fb310:   00000084c87fc3b0 00007fffa188f3c2
0x00000084c87fb320:   000002775cb954e8 000000000000001b
0x00000084c87fb330:   000002775c879998 00000084c87f0004
0x00000084c87fb340:   000000000000001c 00007fffa1892697
0x00000084c87fb350:   00000084c87fb5a0 000000000000001b
0x00000084c87fb360:   0000027744be1250 000002775c879998
0x00000084c87fb370:   000002770000004c 000002775c879998
0x00000084c87fb380:   000002775c4b71b8 000002775cb954e8
0x00000084c87fb390:   000002775c879820 00007fffa1397772
0x00000084c87fb3a0:   0000000000000002 00000084c87fbfa0
0x00000084c87fb3b0:   0000027700510ea0 00007fffa1397650
0x00000084c87fb3c0:   0000027744be1250 00000084c87fb560
0x00000084c87fb3d0:   0000027744be1250 00007fffa1892782
0x00000084c87fb3e0:   0000027744be1250 0000000000000000
0x00000084c87fb3f0:   0000000000000005 0000000000000002 

Instructions: (pc=0x00007fffa1811794)
0x00007fffa1811694:   4c 89 7c 24 60 4c 3b 7c 24 68 0f 82 7d fc ff ff
0x00007fffa18116a4:   4c 8b ac 24 90 08 00 00 4c 8b a4 24 d8 08 00 00
0x00007fffa18116b4:   49 89 9e a8 01 00 00 48 8b 8c 24 80 08 00 00 48
0x00007fffa18116c4:   33 cc e8 a5 2a 13 00 48 81 c4 98 08 00 00 41 5f
0x00007fffa18116d4:   41 5e 5f 5e 5d 5b c3 4c 8d 0d 3e 06 21 00 ba e8
0x00007fffa18116e4:   03 00 00 4c 8d 05 aa 06 21 00 48 8d 0d 9b 90 20
0x00007fffa18116f4:   00 e8 76 2b a6 ff cc cc cc cc cc cc 48 89 5c 24
0x00007fffa1811704:   08 48 89 6c 24 10 48 89 74 24 18 4c 89 4c 24 20
0x00007fffa1811714:   57 41 54 41 55 41 56 41 57 48 83 ec 20 4c 8b a2
0x00007fffa1811724:   a8 01 00 00 49 8b f1 4d 8b f0 4c 8b ea 4c 8b f9
0x00007fffa1811734:   49 8b c4 41 f6 c4 01 75 0b 48 8b 05 9c 42 48 00
0x00007fffa1811744:   48 83 c8 01 48 89 82 a8 01 00 00 e8 ec 64 ea ff
0x00007fffa1811754:   90 45 33 c0 49 8b 47 50 48 85 c0 74 0d 4d 89 47
0x00007fffa1811764:   50 e8 d6 64 ea ff 45 33 c0 90 49 8b 47 10 40 32
0x00007fffa1811774:   ff 49 8b 16 48 8b 48 18 48 8b 00 48 23 ca 48 8d
0x00007fffa1811784:   1c c8 48 8b 04 c8 d0 e8 a8 01 74 12 49 8b 47 18
0x00007fffa1811794:   48 8b 48 18 48 8b 00 48 23 ca 48 8d 1c c8 48 8b
0x00007fffa18117a4:   1b 49 8b e8 48 83 e3 fc 74 69 ba 01 00 00 00 0f
0x00007fffa18117b4:   1f 40 00 66 0f 1f 84 00 00 00 00 00 49 63 4e 08
0x00007fffa18117c4:   48 ff c5 0f b7 43 0c 3b c1 75 26 49 8b 56 10 4c
0x00007fffa18117d4:   8b c1 48 8d 4b 0e e8 9b 3b 13 00 85 c0 75 0d 48
0x00007fffa18117e4:   8d 4b 08 e8 e4 f9 ff ff 84 c0 75 1f ba 01 00 00
0x00007fffa18117f4:   00 40 84 ff 75 0d 8b 43 08 66 85 c0 40 0f b6 ff
0x00007fffa1811804:   0f 44 fa 48 8b 1b 48 85 db 75 b1 48 8b 74 24 68
0x00007fffa1811814:   45 33 c0 48 8b 54 24 70 48 8d 4b 08 48 85 db 49
0x00007fffa1811824:   0f 44 c8 48 85 d2 74 09 49 3b 6f 30 0f 97 c0 88
0x00007fffa1811834:   02 48 85 c9 74 07 48 89 0e b0 01 eb 02 32 c0 48
0x00007fffa1811844:   8b 5c 24 50 48 8b 6c 24 58 48 8b 74 24 60 4d 89
0x00007fffa1811854:   a5 a8 01 00 00 48 83 c4 20 41 5f 41 5e 41 5d 41
0x00007fffa1811864:   5c 5f c3 cc cc cc cc cc cc cc cc cc 48 89 5c 24
0x00007fffa1811874:   10 55 56 57 41 54 41 55 41 56 41 57 48 81 ec 90
0x00007fffa1811884:   08 00 00 48 8b 05 72 3b 44 00 48 33 c4 48 89 84 


Stack slot to memory mapping:

stack at sp + 0 slots: 0x0000027744be1250 is a thread
stack at sp + 1 slots: 0x00007fffa179a849 jvm.dll
stack at sp + 2 slots: 0x0000027744be1250 is a thread
stack at sp + 3 slots: 0x0000027744bddbf0 points into unknown readable memory: 0x0000000000000002 | 02 00 00 00 00 00 00 00
stack at sp + 4 slots: 0x00000084c87fb478 is pointing into the stack for thread: 0x0000027744be1250
stack at sp + 5 slots: 0x0000027742998d28 points into unknown readable memory: 0x0000000000000000 | 00 00 00 00 00 00 00 00
stack at sp + 6 slots: 0x0000027744be1250 is a thread
stack at sp + 7 slots: 0x000002775c8799b8 points into unknown readable memory: 0x6e2f6176616a4c5b | 5b 4c 6a 61 76 61 2f 6e

invokestatic  184 invokestatic  [0x000002774f337fe0, 0x000002774f3382a8]  712 bytes
[MachCode]
  0x000002774f337fe0: 4883 ec08 | c5fa 1104 | 24eb 1f48 | 83ec 10c5 | fb11 0424 | eb14 4883 | ec10 4889 | 0424 48c7 
  0x000002774f338000: 4424 0800 | 0000 00eb | 0150 4c89 | 6dc0 410f | b755 0148 | 8b4d d0c1 | e202 8b5c | d138 c1eb 
  0x000002774f338020: 1081 e3ff | 0000 0081 | fbb8 0000 | 000f 84b4 | 0000 00bb | b800 0000 | e805 0000 | 00e9 9900 
  0x000002774f338040: 0000 488b | d348 8d44 | 2408 4c89 | 6dc0 498b | cfc5 f877 | 4989 afb0 | 0300 0049 | 8987 a003 
  0x000002774f338060: 0000 4883 | ec20 40f6 | c40f 0f84 | 1900 0000 | 4883 ec08 | 48b8 3001 | 3da1 ff7f | 0000 ffd0 
  0x000002774f338080: 4883 c408 | e90c 0000 | 0048 b830 | 013d a1ff | 7f00 00ff | d048 83c4 | 2049 c787 | a003 0000 
  0x000002774f3380a0: 0000 0000 | 49c7 87b0 | 0300 0000 | 0000 0049 | c787 a803 | 0000 0000 | 0000 c5f8 | 7749 837f 
  0x000002774f3380c0: 0800 0f84 | 0500 0000 | e933 8efe | ff4c 8b6d | c04c 8b75 | c84e 8d74 | f500 c341 | 0fb7 5501 
  0x000002774f3380e0: 488b 4dd0 | c1e2 0248 | 8b5c d140 | 488b 5b08 | 488b 5b08 | 488b 5b18 | 80bb 3101 | 0000 040f 
  0x000002774f338100: 840d 0000 | 004c 3bbb | 3801 0000 | 0f85 21ff | ffff 488b | 5cd1 408b | 54d1 50c1 | ea1c 49ba 
  0x000002774f338120: 20e4 cba1 | ff7f 0000 | 498b 14d2 | 5248 8b45 | d848 85c0 | 0f84 1200 | 0000 4883 | 4008 0148 
  0x000002774f338140: 8358 0800 | 4883 c010 | 4889 45d8 | 488b 45d8 | 4885 c00f | 843d 0100 | 0080 78f0 | 0a0f 8533 
  0x000002774f338160: 0100 0048 | 83c0 084c | 8b68 f841 | 83ed 0041 | 83fd 020f | 8c12 0100 | 004c 8b6b | 0845 0fb7 
  0x000002774f338180: 6d2e 4c2b | 2841 83ed | 014e 8b6c | ec08 4d85 | ed75 0ef6 | 4008 0175 | 58f0 4883 | 4808 01eb 
  0x000002774f3381a0: 5045 8b6d | 0849 ba00 | 0000 0077 | 0200 004d | 03ea 4d8b | d54c 3368 | 0849 f7c5 | fcff ffff 
  0x000002774f3381c0: 742f 41f6 | c502 7529 | 4883 7808 | 0074 1e48 | 8378 0801 | 7417 4d8b | ea4c 3368 | 0849 f7c5 
  0x000002774f3381e0: fcff ffff | 740b 4883 | 4808 02eb | 044c 8968 | 0848 83c0 | 104c 8b68 | e841 83ed | 0241 83fd 
  0x000002774f338200: 020f 8c84 | 0000 004c | 8b6b 0845 | 0fb7 6d2e | 4c2b 2841 | 83ed 014e | 8b6c ec08 | 4d85 ed75 
  0x000002774f338220: 0ef6 4008 | 0175 58f0 | 4883 4808 | 01eb 5045 | 8b6d 0849 | ba00 0000 | 0077 0200 | 004d 03ea 
  0x000002774f338240: 4d8b d54c | 3368 0849 | f7c5 fcff | ffff 742f | 41f6 c502 | 7529 4883 | 7808 0074 | 1e48 8378 
  0x000002774f338260: 0801 7417 | 4d8b ea4c | 3368 0849 | f7c5 fcff | ffff 740b | 4883 4808 | 02eb 044c | 8968 0848 
  0x000002774f338280: 83c0 104c | 8b68 d841 | 83ed 0441 | c1e5 0349 | 03c5 4889 | 45d8 4c8d | 6c24 084c | 896d f0ff 
  0x000002774f3382a0: 6350 660f | 1f44 0000 
[/MachCode]

---------------  P R O C E S S  ---------------

Threads class SMR info:
_java_thread_list=0x000002775c93c690, length=11, elements={
0x0000027744be1250, 0x0000027744acbba0, 0x0000027744acd1f0, 0x0000027744ad0ad0,
0x0000027744ad1730, 0x0000027744ad2390, 0x0000027744ad4e00, 0x0000027744ad5c40,
0x0000027744b48f80, 0x000002775c2b4ce0, 0x000002775c3df5c0
}

Java Threads: ( => current thread )
=>0x0000027744be1250 JavaThread "main"                              [_thread_in_vm, id=11104, stack(0x00000084c8700000,0x00000084c8800000) (1024K)]
  0x0000027744acbba0 JavaThread "Reference Handler"          daemon [_thread_blocked, id=17400, stack(0x00000084c8b00000,0x00000084c8c00000) (1024K)]
  0x0000027744acd1f0 JavaThread "Finalizer"                  daemon [_thread_blocked, id=448, stack(0x00000084c8c00000,0x00000084c8d00000) (1024K)]
  0x0000027744ad0ad0 JavaThread "Signal Dispatcher"          daemon [_thread_blocked, id=18112, stack(0x00000084c8d00000,0x00000084c8e00000) (1024K)]
  0x0000027744ad1730 JavaThread "Attach Listener"            daemon [_thread_blocked, id=11156, stack(0x00000084c8e00000,0x00000084c8f00000) (1024K)]
  0x0000027744ad2390 JavaThread "Service Thread"             daemon [_thread_blocked, id=6948, stack(0x00000084c8f00000,0x00000084c9000000) (1024K)]
  0x0000027744ad4e00 JavaThread "Monitor Deflation Thread"   daemon [_thread_blocked, id=4724, stack(0x00000084c9000000,0x00000084c9100000) (1024K)]
  0x0000027744ad5c40 JavaThread "C2 CompilerThread0"         daemon [_thread_blocked, id=6096, stack(0x00000084c9100000,0x00000084c9200000) (1024K)]
  0x0000027744b48f80 JavaThread "C1 CompilerThread0"         daemon [_thread_blocked, id=18172, stack(0x00000084c9200000,0x00000084c9300000) (1024K)]
  0x000002775c2b4ce0 JavaThread "Common-Cleaner"             daemon [_thread_blocked, id=8636, stack(0x00000084c9300000,0x00000084c9400000) (1024K)]
  0x000002775c3df5c0 JavaThread "Notification Thread"        daemon [_thread_blocked, id=9844, stack(0x00000084c9400000,0x00000084c9500000) (1024K)]
Total: 11

Other Threads:
  0x0000027744c9de00 VMThread "VM Thread"                           [id=992, stack(0x00000084c8a00000,0x00000084c8b00000) (1024K)]
  0x0000027744c49a50 WatcherThread "VM Periodic Task Thread"        [id=11000, stack(0x00000084c8900000,0x00000084c8a00000) (1024K)]
  0x0000027744bfec20 WorkerThread "GC Thread#0"                     [id=17356, stack(0x00000084c8800000,0x00000084c8900000) (1024K)]
  0x000002775ca23bd0 WorkerThread "GC Thread#1"                     [id=17976, stack(0x00000084c9600000,0x00000084c9700000) (1024K)]
  0x000002775c9c1560 WorkerThread "GC Thread#2"                     [id=16904, stack(0x00000084c9700000,0x00000084c9800000) (1024K)]
  0x000002775c9c1910 WorkerThread "GC Thread#3"                     [id=14136, stack(0x00000084c9800000,0x00000084c9900000) (1024K)]
Total: 6

Threads with active compile tasks:
Total: 0

VM state: not at safepoint (normal execution)

VM Mutex/Monitor currently owned by a thread: None

Heap address: 0x0000000080000000, size: 2048 MB, Compressed Oops mode: 32-bit

CDS archive(s) mapped at: [0x0000027700000000-0x0000027700ba0000-0x0000027700ba0000), size 12189696, SharedBaseAddress: 0x0000027700000000, ArchiveRelocationMode: 1.
Compressed class space mapped at: 0x0000027701000000-0x0000027741000000, reserved size: 1073741824
Narrow klass base: 0x0000027700000000, Narrow klass shift: 0, Narrow klass range: 0x100000000

GC Precious Log:
 CardTable entry size: 512
 CPUs: 4 total, 4 available
 Memory: 16275M
 Large Page Support: Disabled
 NUMA Support: Disabled
 Compressed Oops: Enabled (32-bit)
 Alignments: Space 512K, Generation 512K, Heap 2M
 Heap Min Capacity: 100M
 Heap Initial Capacity: 100M
 Heap Max Capacity: 2G
 Pre-touch: Disabled
 Parallel Workers: 4

Heap:
 PSYoungGen      total 29696K, used 3794K [0x00000000d5580000, 0x00000000d7680000, 0x0000000100000000)
  eden space 25600K, 1% used [0x00000000d5580000,0x00000000d55fac30,0x00000000d6e80000)
  from space 4096K, 80% used [0x00000000d6e80000,0x00000000d71b9e98,0x00000000d7280000)
  to   space 4096K, 0% used [0x00000000d7280000,0x00000000d7280000,0x00000000d7680000)
 ParOldGen       total 68608K, used 0K [0x0000000080000000, 0x0000000084300000, 0x00000000d5580000)
  object space 68608K, 0% used [0x0000000080000000,0x0000000080000000,0x0000000084300000)
 Metaspace       used 4380K, committed 4608K, reserved 1114112K
  class space    used 475K, committed 576K, reserved 1048576K

Card table byte_map: [0x0000027744590000,0x00000277449a0000] _byte_map_base: 0x0000027744190000

Marking Bits: (ParMarkBitMap*) 0x00007fffa1cb3450
 Begin Bits: [0x00000277570a0000, 0x00000277590a0000)
 End Bits:   [0x00000277590a0000, 0x000002775b0a0000)

Polling page: 0x0000027742a60000

Metaspace:

Usage:
  Non-class:      3.81 MB used.
      Class:    475.44 KB used.
       Both:      4.28 MB used.

Virtual space:
  Non-class space:       64.00 MB reserved,       3.94 MB (  6%) committed,  1 nodes.
      Class space:        1.00 GB reserved,     576.00 KB ( <1%) committed,  1 nodes.
             Both:        1.06 GB reserved,       4.50 MB ( <1%) committed. 

Chunk freelists:
   Non-Class:  11.12 MB
       Class:  15.44 MB
        Both:  26.56 MB

MaxMetaspaceSize: unlimited
CompressedClassSpaceSize: 1.00 GB
Initial GC threshold: 21.00 MB
Current GC threshold: 21.00 MB
CDS: on
 - commit_granule_bytes: 65536.
 - commit_granule_words: 8192.
 - virtual_space_node_default_size: 8388608.
 - enlarge_chunks_in_place: 1.
 - use_allocation_guard: 0.


Internal statistics:

num_allocs_failed_limit: 0.
num_arena_births: 184.
num_arena_deaths: 0.
num_vsnodes_births: 2.
num_vsnodes_deaths: 0.
num_space_committed: 72.
num_space_uncommitted: 0.
num_chunks_returned_to_freelist: 0.
num_chunks_taken_from_freelist: 252.
num_chunk_merges: 0.
num_chunk_splits: 160.
num_chunks_enlarged: 92.
num_inconsistent_stats: 0.

CodeHeap 'non-profiled nmethods': size=120000Kb used=493Kb max_used=493Kb free=119506Kb
 bounds [0x000002774f8c0000, 0x000002774fb30000, 0x0000027756df0000]
CodeHeap 'profiled nmethods': size=120000Kb used=1732Kb max_used=1732Kb free=118267Kb
 bounds [0x0000027747df0000, 0x0000027748060000, 0x000002774f320000]
CodeHeap 'non-nmethods': size=5760Kb used=1192Kb max_used=1215Kb free=4567Kb
 bounds [0x000002774f320000, 0x000002774f590000, 0x000002774f8c0000]
CodeCache: size=245760Kb, used=3417Kb, max_used=3440Kb, free=242340Kb
 total_blobs=1557, nmethods=1102, adapters=362, full_count=0
Compilation: enabled, stopped_count=0, restarted_count=0

Compilation events (20 events):
Event: 2.588 Thread 0x0000027744b48f80 1093       3       java.util.AbstractCollection::addAll (42 bytes)
Event: 2.588 Thread 0x0000027744b48f80 nmethod 1093 0x0000027747f9ce90 code [0x0000027747f9d080, 0x0000027747f9d5a0]
Event: 2.589 Thread 0x0000027744b48f80 1094       3       java.lang.StringLatin1::inflate (34 bytes)
Event: 2.590 Thread 0x0000027744b48f80 nmethod 1094 0x0000027747f9d710 code [0x0000027747f9d8c0, 0x0000027747f9dac0]
Event: 2.593 Thread 0x0000027744b48f80 1095   !   3       jdk.internal.loader.BuiltinClassLoader::loadClassOrNull (143 bytes)
Event: 2.594 Thread 0x0000027744b48f80 nmethod 1095 0x0000027747f9dc10 code [0x0000027747f9dee0, 0x0000027747f9ee00]
Event: 2.600 Thread 0x0000027744b48f80 1096       3       java.lang.Object::toString (36 bytes)
Event: 2.600 Thread 0x0000027744b48f80 nmethod 1096 0x0000027747f9f490 code [0x0000027747f9f700, 0x0000027747f9fee8]
Event: 2.601 Thread 0x0000027744b48f80 1097       1       java.lang.Boolean::booleanValue (5 bytes)
Event: 2.601 Thread 0x0000027744b48f80 nmethod 1097 0x000002774f93a990 code [0x000002774f93ab20, 0x000002774f93abf0]
Event: 2.602 Thread 0x0000027744b48f80 1098       3       java.util.ArrayDeque::elementAt (4 bytes)
Event: 2.602 Thread 0x0000027744b48f80 nmethod 1098 0x0000027747fa0210 code [0x0000027747fa03a0, 0x0000027747fa04b8]
Event: 2.604 Thread 0x0000027744b48f80 1099       3       jdk.internal.loader.BuiltinClassLoader::loadClass (22 bytes)
Event: 2.604 Thread 0x0000027744b48f80 nmethod 1099 0x0000027747fa0590 code [0x0000027747fa0760, 0x0000027747fa0a18]
Event: 2.623 Thread 0x0000027744b48f80 1100       3       java.util.ArrayDeque::pollFirst (36 bytes)
Event: 2.624 Thread 0x0000027744b48f80 nmethod 1100 0x0000027747fa0b10 code [0x0000027747fa0ce0, 0x0000027747fa1090]
Event: 2.716 Thread 0x0000027744b48f80 1102       1       java.util.Collections$EmptyIterator::hasNext (2 bytes)
Event: 2.716 Thread 0x0000027744b48f80 nmethod 1102 0x000002774f93b090 code [0x000002774f93b220, 0x000002774f93b2e8]
Event: 2.721 Thread 0x0000027744b48f80 1103       1       java.util.zip.ZipEntry::getSize (5 bytes)
Event: 2.721 Thread 0x0000027744b48f80 nmethod 1103 0x000002774f93b390 code [0x000002774f93b520, 0x000002774f93b5e8]

GC Heap History (2 events):
Event: 2.653 GC heap before
{Heap before GC invocations=1 (full 0):
 PSYoungGen      total 29696K, used 25600K [0x00000000d5580000, 0x00000000d7680000, 0x0000000100000000)
  eden space 25600K, 100% used [0x00000000d5580000,0x00000000d6e80000,0x00000000d6e80000)
  from space 4096K, 0% used [0x00000000d7280000,0x00000000d7280000,0x00000000d7680000)
  to   space 4096K, 0% used [0x00000000d6e80000,0x00000000d6e80000,0x00000000d7280000)
 ParOldGen       total 68608K, used 0K [0x0000000080000000, 0x0000000084300000, 0x00000000d5580000)
  object space 68608K, 0% used [0x0000000080000000,0x0000000080000000,0x0000000084300000)
 Metaspace       used 4371K, committed 4608K, reserved 1114112K
  class space    used 474K, committed 576K, reserved 1048576K
}
Event: 2.715 GC heap after
{Heap after GC invocations=1 (full 0):
 PSYoungGen      total 29696K, used 3303K [0x00000000d5580000, 0x00000000d7680000, 0x0000000100000000)
  eden space 25600K, 0% used [0x00000000d5580000,0x00000000d5580000,0x00000000d6e80000)
  from space 4096K, 80% used [0x00000000d6e80000,0x00000000d71b9e98,0x00000000d7280000)
  to   space 4096K, 0% used [0x00000000d7280000,0x00000000d7280000,0x00000000d7680000)
 ParOldGen       total 68608K, used 0K [0x0000000080000000, 0x0000000084300000, 0x00000000d5580000)
  object space 68608K, 0% used [0x0000000080000000,0x0000000080000000,0x0000000084300000)
 Metaspace       used 4371K, committed 4608K, reserved 1114112K
  class space    used 474K, committed 576K, reserved 1048576K
}

Dll operation events (8 events):
Event: 0.016 Loaded shared library c:\Users\acer\.vscode\extensions\redhat.java-1.54.0-win32-x64\jre\21.0.10-win32-x86_64\bin\java.dll
Event: 0.234 Loaded shared library c:\Users\acer\.vscode\extensions\redhat.java-1.54.0-win32-x64\jre\21.0.10-win32-x86_64\bin\zip.dll
Event: 0.321 Loaded shared library C:\Users\acer\.vscode\extensions\redhat.java-1.54.0-win32-x64\jre\21.0.10-win32-x86_64\bin\instrument.dll
Event: 0.336 Loaded shared library C:\Users\acer\.vscode\extensions\redhat.java-1.54.0-win32-x64\jre\21.0.10-win32-x86_64\bin\net.dll
Event: 0.339 Loaded shared library C:\Users\acer\.vscode\extensions\redhat.java-1.54.0-win32-x64\jre\21.0.10-win32-x86_64\bin\nio.dll
Event: 0.344 Loaded shared library C:\Users\acer\.vscode\extensions\redhat.java-1.54.0-win32-x64\jre\21.0.10-win32-x86_64\bin\zip.dll
Event: 0.420 Loaded shared library C:\Users\acer\.vscode\extensions\redhat.java-1.54.0-win32-x64\jre\21.0.10-win32-x86_64\bin\jimage.dll
Event: 0.641 Loaded shared library c:\Users\acer\.vscode\extensions\redhat.java-1.54.0-win32-x64\jre\21.0.10-win32-x86_64\bin\verify.dll

Deoptimization events (20 events):
Event: 2.527 Thread 0x0000027744be1250 DEOPT PACKING pc=0x0000027747f66cb1 sp=0x00000084c87fe150
Event: 2.527 Thread 0x0000027744be1250 DEOPT UNPACKING pc=0x000002774f374242 sp=0x00000084c87fd5c8 mode 0
Event: 2.527 Thread 0x0000027744be1250 DEOPT PACKING pc=0x0000027747f66cb1 sp=0x00000084c87fe150
Event: 2.527 Thread 0x0000027744be1250 DEOPT UNPACKING pc=0x000002774f374242 sp=0x00000084c87fd5c8 mode 0
Event: 2.527 Thread 0x0000027744be1250 DEOPT PACKING pc=0x0000027747f66cb1 sp=0x00000084c87fe150
Event: 2.527 Thread 0x0000027744be1250 DEOPT UNPACKING pc=0x000002774f374242 sp=0x00000084c87fd5c8 mode 0
Event: 2.528 Thread 0x0000027744be1250 DEOPT PACKING pc=0x0000027747f66cb1 sp=0x00000084c87fe150
Event: 2.528 Thread 0x0000027744be1250 DEOPT UNPACKING pc=0x000002774f374242 sp=0x00000084c87fd5c8 mode 0
Event: 2.528 Thread 0x0000027744be1250 DEOPT PACKING pc=0x0000027747f66cb1 sp=0x00000084c87fe150
Event: 2.528 Thread 0x0000027744be1250 DEOPT UNPACKING pc=0x000002774f374242 sp=0x00000084c87fd5c8 mode 0
Event: 2.551 Thread 0x0000027744be1250 Uncommon trap: trap_request=0xffffffc6 fr.pc=0x000002774f928d40 relative=0x00000000000002e0
Event: 2.551 Thread 0x0000027744be1250 Uncommon trap: reason=bimorphic_or_optimized_type_check action=maybe_recompile pc=0x000002774f928d40 method=java.util.HashMap.getNode(Ljava/lang/Object;)Ljava/util/HashMap$Node; @ 128 c2
Event: 2.551 Thread 0x0000027744be1250 DEOPT PACKING pc=0x000002774f928d40 sp=0x00000084c87fd8e0
Event: 2.551 Thread 0x0000027744be1250 DEOPT UNPACKING pc=0x000002774f373aa2 sp=0x00000084c87fd858 mode 2
Event: 2.564 Thread 0x0000027744be1250 DEOPT PACKING pc=0x0000027747f6f808 sp=0x00000084c87fd670
Event: 2.564 Thread 0x0000027744be1250 DEOPT UNPACKING pc=0x000002774f374242 sp=0x00000084c87fcaf0 mode 0
Event: 2.568 Thread 0x0000027744be1250 DEOPT PACKING pc=0x0000027747f6f808 sp=0x00000084c87fd5c0
Event: 2.568 Thread 0x0000027744be1250 DEOPT UNPACKING pc=0x000002774f374242 sp=0x00000084c87fca40 mode 0
Event: 2.570 Thread 0x0000027744be1250 DEOPT PACKING pc=0x0000027747f6f808 sp=0x00000084c87fd8c0
Event: 2.570 Thread 0x0000027744be1250 DEOPT UNPACKING pc=0x000002774f374242 sp=0x00000084c87fcd40 mode 0

Classes loaded (20 events):
Event: 2.539 Loading class jdk/internal/logger/SimpleConsoleLogger done
Event: 2.539 Loading class jdk/internal/logger/SurrogateLogger done
Event: 2.539 Loading class sun/util/logging/PlatformLogger
Event: 2.540 Loading class sun/util/logging/PlatformLogger done
Event: 2.540 Loading class sun/util/logging/PlatformLogger$Level
Event: 2.540 Loading class sun/util/logging/PlatformLogger$Level done
Event: 2.574 Loading class java/io/BufferedReader
Event: 2.574 Loading class java/io/BufferedReader done
Event: 2.574 Loading class sun/nio/cs/StreamDecoder
Event: 2.575 Loading class sun/nio/cs/StreamDecoder done
Event: 2.575 Loading class sun/nio/cs/UTF_8$Decoder
Event: 2.575 Loading class sun/nio/cs/UTF_8$Decoder done
Event: 2.646 Loading class java/util/UUID
Event: 2.646 Loading class java/util/UUID done
Event: 2.646 Loading class java/util/concurrent/atomic/AtomicBoolean
Event: 2.647 Loading class java/util/concurrent/atomic/AtomicBoolean done
Event: 2.647 Loading class java/lang/invoke/VarHandleInts$FieldInstanceReadWrite
Event: 2.647 Loading class java/lang/invoke/VarHandleInts$FieldInstanceReadOnly
Event: 2.647 Loading class java/lang/invoke/VarHandleInts$FieldInstanceReadOnly done
Event: 2.647 Loading class java/lang/invoke/VarHandleInts$FieldInstanceReadWrite done

Classes unloaded (0 events):
No events

Classes redefined (0 events):
No events

Internal exceptions (20 events):
Event: 0.564 Thread 0x0000027744be1250 Exception <a 'java/lang/NoSuchMethodError'{0x00000000d5a0cf60}: 'void java.lang.invoke.DirectMethodHandle$Holder.invokeSpecial(java.lang.Object, java.lang.Object, java.lang.Object, int, java.lang.Object)'> (0x00000000d5a0cf60) 
thrown [s\src\hotspot\share\interpreter\linkResolver.cpp, line 773]
Event: 0.570 Thread 0x0000027744be1250 Exception <a 'java/lang/NoSuchMethodError'{0x00000000d5a103d0}: 'void java.lang.invoke.DelegatingMethodHandle$Holder.delegate(java.lang.Object, java.lang.Object, int, java.lang.Object)'> (0x00000000d5a103d0) 
thrown [s\src\hotspot\share\interpreter\linkResolver.cpp, line 773]
Event: 0.794 Thread 0x0000027744be1250 Exception <a 'java/lang/NoSuchMethodError'{0x00000000d5bcf5b0}: 'void java.lang.invoke.DelegatingMethodHandle$Holder.reinvoke_L(java.lang.Object, java.lang.Object, java.lang.Object, int)'> (0x00000000d5bcf5b0) 
thrown [s\src\hotspot\share\interpreter\linkResolver.cpp, line 773]
Event: 1.498 Thread 0x0000027744be1250 Exception <a 'java/lang/NoSuchMethodError'{0x00000000d605b200}: 'void java.lang.invoke.DirectMethodHandle$Holder.invokeVirtual(java.lang.Object, java.lang.Object)'> (0x00000000d605b200) 
thrown [s\src\hotspot\share\interpreter\linkResolver.cpp, line 773]
Event: 1.886 Thread 0x0000027744be1250 Exception <a 'java/lang/NoSuchMethodError'{0x00000000d643dcc0}: 'void java.lang.invoke.DirectMethodHandle$Holder.invokeStatic(java.lang.Object, java.lang.Object)'> (0x00000000d643dcc0) 
thrown [s\src\hotspot\share\interpreter\linkResolver.cpp, line 773]
Event: 1.899 Thread 0x0000027744be1250 Exception <a 'java/lang/ClassNotFoundException'{0x00000000d6463920}: sun/net/www/protocol/c/Handler> (0x00000000d6463920) 
thrown [s\src\hotspot\share\classfile\systemDictionary.cpp, line 312]
Event: 2.009 Thread 0x0000027744be1250 Exception <a 'java/io/FileNotFoundException'{0x00000000d64c9ef0}> (0x00000000d64c9ef0) 
thrown [s\src\hotspot\share\prims\jni.cpp, line 520]
Event: 2.010 Thread 0x0000027744be1250 Exception <a 'java/io/FileNotFoundException'{0x00000000d64cb218}> (0x00000000d64cb218) 
thrown [s\src\hotspot\share\prims\jni.cpp, line 520]
Event: 2.010 Thread 0x0000027744be1250 Exception <a 'java/io/FileNotFoundException'{0x00000000d64cbe90}> (0x00000000d64cbe90) 
thrown [s\src\hotspot\share\prims\jni.cpp, line 520]
Event: 2.010 Thread 0x0000027744be1250 Exception <a 'java/io/FileNotFoundException'{0x00000000d64cc9d0}> (0x00000000d64cc9d0) 
thrown [s\src\hotspot\share\prims\jni.cpp, line 520]
Event: 2.016 Thread 0x0000027744be1250 Implicit null exception at 0x000002774f8f0fa4 to 0x000002774f8f1548
Event: 2.024 Thread 0x0000027744be1250 Exception <a 'java/io/FileNotFoundException'{0x00000000d6504e20}> (0x00000000d6504e20) 
thrown [s\src\hotspot\share\prims\jni.cpp, line 520]
Event: 2.048 Thread 0x0000027744be1250 Exception <a 'java/lang/NoSuchMethodError'{0x00000000d653e4e0}: 'java.lang.Object java.lang.invoke.DirectMethodHandle$Holder.invokeInterface(java.lang.Object, java.lang.Object)'> (0x00000000d653e4e0) 
thrown [s\src\hotspot\share\interpreter\linkResolver.cpp, line 773]
Event: 2.058 Thread 0x0000027744be1250 Exception <a 'java/lang/NoSuchMethodError'{0x00000000d6551a70}: 'java.lang.Object java.lang.invoke.Invokers$Holder.invokeExact_MT(java.lang.Object, java.lang.Object, java.lang.Object, java.lang.Object, java.lang.Object, java.lang.Object)'> (0x00000000d6551a70) 
thrown [s\src\hotspot\share\interpreter\linkResolver.cpp, line 773]
Event: 2.063 Thread 0x0000027744be1250 Exception <a 'java/lang/NoSuchMethodError'{0x00000000d6568b48}: 'int java.lang.invoke.DirectMethodHandle$Holder.invokeStatic(java.lang.Object, java.lang.Object, java.lang.Object, java.lang.Object, java.lang.Object)'> (0x00000000d6568b48) 
thrown [s\src\hotspot\share\interpreter\linkResolver.cpp, line 773]
Event: 2.109 Thread 0x0000027744be1250 Exception <a 'java/lang/NoSuchMethodError'{0x00000000d65fc388}: 'java.lang.Object java.lang.invoke.DirectMethodHandle$Holder.invokeInterface(java.lang.Object, java.lang.Object, int)'> (0x00000000d65fc388) 
thrown [s\src\hotspot\share\interpreter\linkResolver.cpp, line 773]
Event: 2.429 Thread 0x0000027744be1250 Exception <a 'java/lang/NoSuchMethodError'{0x00000000d6a63638}: 'java.lang.ClassLoader java.lang.ClassLoader.getPlatformClassLoader(java.lang.Class)'> (0x00000000d6a63638) 
thrown [s\src\hotspot\share\interpreter\linkResolver.cpp, line 773]
Event: 2.715 Thread 0x0000027744be1250 Exception <a 'java/lang/ClassNotFoundException'{0x00000000d55801f8}: sun/net/www/protocol/c/Handler> (0x00000000d55801f8) 
thrown [s\src\hotspot\share\classfile\systemDictionary.cpp, line 312]
Event: 2.716 Thread 0x0000027744be1250 Exception <a 'java/lang/ClassNotFoundException'{0x00000000d55815c8}: sun/net/www/protocol/c/Handler> (0x00000000d55815c8) 
thrown [s\src\hotspot\share\classfile\systemDictionary.cpp, line 312]
Event: 2.717 Thread 0x0000027744be1250 Exception <a 'java/lang/ClassNotFoundException'{0x00000000d5582800}: sun/net/www/protocol/c/Handler> (0x00000000d5582800) 
thrown [s\src\hotspot\share\classfile\systemDictionary.cpp, line 312]

ZGC Phase Switch (0 events):
No events

VM Operations (16 events):
Event: 0.230 Executing non-safepoint VM operation: HandshakeAllThreads (Deoptimize)
Event: 0.230 Executing non-safepoint VM operation: HandshakeAllThreads (Deoptimize) done
Event: 0.442 Executing non-safepoint VM operation: HandshakeAllThreads (Deoptimize)
Event: 0.442 Executing non-safepoint VM operation: HandshakeAllThreads (Deoptimize) done
Event: 1.450 Executing safepoint VM operation: Cleanup
Event: 1.450 Executing safepoint VM operation: Cleanup done
Event: 1.769 Executing non-safepoint VM operation: HandshakeAllThreads (Deoptimize)
Event: 1.769 Executing non-safepoint VM operation: HandshakeAllThreads (Deoptimize) done
Event: 1.875 Executing non-safepoint VM operation: HandshakeAllThreads (Deoptimize)
Event: 1.875 Executing non-safepoint VM operation: HandshakeAllThreads (Deoptimize) done
Event: 2.579 Executing non-safepoint VM operation: HandshakeAllThreads (Deoptimize)
Event: 2.579 Executing non-safepoint VM operation: HandshakeAllThreads (Deoptimize) done
Event: 2.579 Executing safepoint VM operation: Cleanup
Event: 2.579 Executing safepoint VM operation: Cleanup done
Event: 2.653 Executing safepoint VM operation: ParallelGCFailedAllocation (Allocation Failure)
Event: 2.715 Executing safepoint VM operation: ParallelGCFailedAllocation (Allocation Failure) done

Memory protections (0 events):
No events

Nmethod flushes (0 events):
No events

Events (13 events):
Event: 0.039 Thread 0x0000027744be1250 Thread added: 0x0000027744be1250
Event: 0.082 Thread 0x0000027744be1250 Thread added: 0x0000027744acbba0
Event: 0.083 Thread 0x0000027744be1250 Thread added: 0x0000027744acd1f0
Event: 0.083 Thread 0x0000027744be1250 Thread added: 0x0000027744ad0ad0
Event: 0.083 Thread 0x0000027744be1250 Thread added: 0x0000027744ad1730
Event: 0.083 Thread 0x0000027744be1250 Thread added: 0x0000027744ad2390
Event: 0.083 Thread 0x0000027744be1250 Thread added: 0x0000027744ad4e00
Event: 0.084 Thread 0x0000027744be1250 Thread added: 0x0000027744ad5c40
Event: 0.115 Thread 0x0000027744be1250 Thread added: 0x0000027744b48f80
Event: 0.330 Thread 0x0000027744be1250 Thread added: 0x000002775c2b4ce0
Event: 1.201 Thread 0x0000027744be1250 Thread added: 0x000002775c3df5c0
Event: 1.259 Thread 0x0000027744ad5c40 Thread added: 0x000002775c515be0
Event: 2.716 Thread 0x000002775c515be0 Thread exited: 0x000002775c515be0


Dynamic libraries:
0x00007ff7ef5b0000 - 0x00007ff7ef5be000 	c:\Users\acer\.vscode\extensions\redhat.java-1.54.0-win32-x64\jre\21.0.10-win32-x86_64\bin\java.exe
0x00007ff8812f0000 - 0x00007ff8814e8000 	C:\Windows\SYSTEM32\ntdll.dll
0x00007ff8811d0000 - 0x00007ff881292000 	C:\Windows\System32\KERNEL32.DLL
0x00007ff87ee80000 - 0x00007ff87f176000 	C:\Windows\System32\KERNELBASE.dll
0x00007ff87ec60000 - 0x00007ff87ed60000 	C:\Windows\System32\ucrtbase.dll
0x00007ff85c5f0000 - 0x00007ff85c608000 	c:\Users\acer\.vscode\extensions\redhat.java-1.54.0-win32-x64\jre\21.0.10-win32-x86_64\bin\jli.dll
0x00007ff880fc0000 - 0x00007ff881161000 	C:\Windows\System32\USER32.dll
0x00007ff87ea20000 - 0x00007ff87ea42000 	C:\Windows\System32\win32u.dll
0x00007ff87fe60000 - 0x00007ff87fe8b000 	C:\Windows\System32\GDI32.dll
0x00007ff87ed60000 - 0x00007ff87ee79000 	C:\Windows\System32\gdi32full.dll
0x00007ff87e980000 - 0x00007ff87ea1d000 	C:\Windows\System32\msvcp_win.dll
0x00007ff859520000 - 0x00007ff85953e000 	c:\Users\acer\.vscode\extensions\redhat.java-1.54.0-win32-x64\jre\21.0.10-win32-x86_64\bin\VCRUNTIME140.dll
0x00007ff87dd20000 - 0x00007ff87dfbb000 	C:\Windows\WinSxS\amd64_microsoft.windows.common-controls_6595b64144ccf1df_6.0.19041.6456_none_60b8a6cb71f64256\COMCTL32.dll
0x00007ff880150000 - 0x00007ff8801ee000 	C:\Windows\System32\msvcrt.dll
0x00007ff87fd70000 - 0x00007ff87fd9f000 	C:\Windows\System32\IMM32.DLL
0x00007ff87b4c0000 - 0x00007ff87b4cc000 	c:\Users\acer\.vscode\extensions\redhat.java-1.54.0-win32-x64\jre\21.0.10-win32-x86_64\bin\vcruntime140_1.dll
0x00007ff837620000 - 0x00007ff8376ad000 	c:\Users\acer\.vscode\extensions\redhat.java-1.54.0-win32-x64\jre\21.0.10-win32-x86_64\bin\msvcp140.dll
0x00007fffa0ff0000 - 0x00007fffa1d91000 	c:\Users\acer\.vscode\extensions\redhat.java-1.54.0-win32-x64\jre\21.0.10-win32-x86_64\bin\server\jvm.dll
0x00007ff87fda0000 - 0x00007ff87fe51000 	C:\Windows\System32\ADVAPI32.dll
0x00007ff87f310000 - 0x00007ff87f3af000 	C:\Windows\System32\sechost.dll
0x00007ff87f3b0000 - 0x00007ff87f4d0000 	C:\Windows\System32\RPCRT4.dll
0x00007ff87f200000 - 0x00007ff87f227000 	C:\Windows\System32\bcrypt.dll
0x00007ff8800e0000 - 0x00007ff88014b000 	C:\Windows\System32\WS2_32.dll
0x00007ff87e570000 - 0x00007ff87e5bb000 	C:\Windows\SYSTEM32\POWRPROF.dll
0x00007ff86e090000 - 0x00007ff86e0b7000 	C:\Windows\SYSTEM32\WINMM.dll
0x00007ff86e0c0000 - 0x00007ff86e0ca000 	C:\Windows\SYSTEM32\VERSION.dll
0x00007ff87e0b0000 - 0x00007ff87e0c2000 	C:\Windows\SYSTEM32\UMPDC.dll
0x00007ff87c150000 - 0x00007ff87c162000 	C:\Windows\SYSTEM32\kernel.appcore.dll
0x00007ff865ac0000 - 0x00007ff865aca000 	c:\Users\acer\.vscode\extensions\redhat.java-1.54.0-win32-x64\jre\21.0.10-win32-x86_64\bin\jimage.dll
0x00007ff87e360000 - 0x00007ff87e561000 	C:\Windows\SYSTEM32\DBGHELP.DLL
0x00007ff87e0f0000 - 0x00007ff87e124000 	C:\Windows\SYSTEM32\dbgcore.DLL
0x00007ff87f230000 - 0x00007ff87f2b2000 	C:\Windows\System32\bcryptPrimitives.dll
0x00007ff865860000 - 0x00007ff86586f000 	c:\Users\acer\.vscode\extensions\redhat.java-1.54.0-win32-x64\jre\21.0.10-win32-x86_64\bin\instrument.dll
0x00007ff858cd0000 - 0x00007ff858cf0000 	c:\Users\acer\.vscode\extensions\redhat.java-1.54.0-win32-x64\jre\21.0.10-win32-x86_64\bin\java.dll
0x00007ff8801f0000 - 0x00007ff880960000 	C:\Windows\System32\SHELL32.dll
0x00007ff87c350000 - 0x00007ff87caf5000 	C:\Windows\SYSTEM32\windows.storage.dll
0x00007ff880bf0000 - 0x00007ff880f44000 	C:\Windows\System32\combase.dll
0x00007ff87dc80000 - 0x00007ff87dcab000 	C:\Windows\SYSTEM32\Wldp.dll
0x00007ff87fc20000 - 0x00007ff87fced000 	C:\Windows\System32\OLEAUT32.dll
0x00007ff87f5c0000 - 0x00007ff87f66d000 	C:\Windows\System32\SHCORE.dll
0x00007ff87f4d0000 - 0x00007ff87f52b000 	C:\Windows\System32\shlwapi.dll
0x00007ff87e8b0000 - 0x00007ff87e8d4000 	C:\Windows\SYSTEM32\profapi.dll
0x00007ff8583b0000 - 0x00007ff8583c8000 	c:\Users\acer\.vscode\extensions\redhat.java-1.54.0-win32-x64\jre\21.0.10-win32-x86_64\bin\zip.dll
0x00007ff8657f0000 - 0x00007ff865800000 	C:\Users\acer\.vscode\extensions\redhat.java-1.54.0-win32-x64\jre\21.0.10-win32-x86_64\bin\net.dll
0x00007ff875280000 - 0x00007ff87538a000 	C:\Windows\SYSTEM32\WINHTTP.dll
0x00007ff87d960000 - 0x00007ff87d9ca000 	C:\Windows\system32\mswsock.dll
0x00007ff853d10000 - 0x00007ff853d26000 	C:\Users\acer\.vscode\extensions\redhat.java-1.54.0-win32-x64\jre\21.0.10-win32-x86_64\bin\nio.dll
0x00007ff85efa0000 - 0x00007ff85efb0000 	c:\Users\acer\.vscode\extensions\redhat.java-1.54.0-win32-x64\jre\21.0.10-win32-x86_64\bin\verify.dll

JVMTI agents:
c:\Users\acer\.vscode\extensions\redhat.java-1.54.0-win32-x64\lombok\lombok-1.18.39-4050.jar path:c:\Users\acer\.vscode\extensions\redhat.java-1.54.0-win32-x64\jre\21.0.10-win32-x86_64\bin\instrument.dll, loaded, initialized, instrumentlib options:none

dbghelp: loaded successfully - version: 4.0.5 - missing functions: none
symbol engine: initialized successfully - sym options: 0x614 - pdb path: .;c:\Users\acer\.vscode\extensions\redhat.java-1.54.0-win32-x64\jre\21.0.10-win32-x86_64\bin;C:\Windows\SYSTEM32;C:\Windows\WinSxS\amd64_microsoft.windows.common-controls_6595b64144ccf1df_6.0.19041.6456_none_60b8a6cb71f64256;c:\Users\acer\.vscode\extensions\redhat.java-1.54.0-win32-x64\jre\21.0.10-win32-x86_64\bin\server

VM Arguments:
jvm_args: --add-modules=ALL-SYSTEM --add-opens=java.base/java.util=ALL-UNNAMED --add-opens=java.base/java.lang=ALL-UNNAMED --add-opens=java.base/sun.nio.fs=ALL-UNNAMED -Declipse.application=org.eclipse.jdt.ls.core.id1 -Dosgi.bundles.defaultStartLevel=4 -Declipse.product=org.eclipse.jdt.ls.core.product -Djava.import.generatesMetadataFilesAtProjectRoot=false -DDetectVMInstallationsJob.disabled=true -Dfile.encoding=utf8 -XX:+UseParallelGC -XX:GCTimeRatio=4 -XX:AdaptiveSizePolicyWeight=90 -Dsun.zip.disableMemoryMapping=true -Xmx2G -Xms100m -Xlog:disable -javaagent:c:\Users\acer\.vscode\extensions\redhat.java-1.54.0-win32-x64\lombok\lombok-1.18.39-4050.jar -XX:+HeapDumpOnOutOfMemoryError -XX:HeapDumpPath=c:\Users\acer\AppData\Roaming\Code\User\workspaceStorage\cc4cf5fde816e4b69b08591111e2554b\redhat.java -Daether.dependencyCollector.impl=bf 
java_command: c:\Users\acer\.vscode\extensions\redhat.java-1.54.0-win32-x64\server\plugins\org.eclipse.equinox.launcher_1.7.100.v20251111-0406.jar -configuration c:\Users\acer\AppData\Roaming\Code\User\globalStorage\redhat.java\1.54.0\config_win -data c:\Users\acer\AppData\Roaming\Code\User\workspaceStorage\cc4cf5fde816e4b69b08591111e2554b\redhat.java\jdt_ws --pipe=\\.\pipe\lsp-d695652e4b411bdfd6ea782a296833d6-sock
java_class_path (initial): c:\Users\acer\.vscode\extensions\redhat.java-1.54.0-win32-x64\server\plugins\org.eclipse.equinox.launcher_1.7.100.v20251111-0406.jar
Launcher Type: SUN_STANDARD

[Global flags]
    uintx AdaptiveSizePolicyWeight                 = 90                                        {product} {command line}
     intx CICompilerCount                          = 3                                         {product} {ergonomic}
    uintx GCTimeRatio                              = 4                                         {product} {command line}
     bool HeapDumpOnOutOfMemoryError               = true                                   {manageable} {command line}
    ccstr HeapDumpPath                             = c:\Users\acer\AppData\Roaming\Code\User\workspaceStorage\cc4cf5fde816e4b69b08591111e2554b\redhat.java         {manageable} {command line}
   size_t InitialHeapSize                          = 104857600                                 {product} {command line}
   size_t MaxHeapSize                              = 2147483648                                {product} {command line}
   size_t MaxNewSize                               = 715653120                                 {product} {ergonomic}
   size_t MinHeapDeltaBytes                        = 524288                                    {product} {ergonomic}
   size_t MinHeapSize                              = 104857600                                 {product} {command line}
   size_t NewSize                                  = 34603008                                  {product} {ergonomic}
    uintx NonNMethodCodeHeapSize                   = 5832780                                {pd product} {ergonomic}
    uintx NonProfiledCodeHeapSize                  = 122912730                              {pd product} {ergonomic}
   size_t OldSize                                  = 70254592                                  {product} {ergonomic}
    uintx ProfiledCodeHeapSize                     = 122912730                              {pd product} {ergonomic}
    uintx ReservedCodeCacheSize                    = 251658240                              {pd product} {ergonomic}
     bool SegmentedCodeCache                       = true                                      {product} {ergonomic}
   size_t SoftMaxHeapSize                          = 2147483648                             {manageable} {ergonomic}
     bool UseCompressedOops                        = true                           {product lp64_product} {ergonomic}
     bool UseLargePagesIndividualAllocation        = false                                  {pd product} {ergonomic}
     bool UseParallelGC                            = true                                      {product} {command line}

Logging:
Log output configuration:
 #0: stdout all=off uptime,level,tags foldmultilines=false
 #1: stderr all=off uptime,level,tags foldmultilines=false

Release file:
JAVA_VERSION="21.0.10" 
MODULES="java.base java.compiler java.datatransfer java.xml java.prefs java.desktop java.instrument java.logging java.management java.security.sasl java.naming java.rmi java.management.rmi java.net.http java.scripting java.security.jgss java.transaction.xa java.sql java.sql.rowset java.xml.crypto java.se java.smartcardio jdk.accessibility jdk.internal.jvmstat jdk.attach jdk.charsets jdk.internal.opt jdk.zipfs jdk.compiler jdk.crypto.ec jdk.crypto.cryptoki jdk.crypto.mscapi jdk.dynalink jdk.internal.ed jdk.editpad jdk.hotspot.agent jdk.httpserver jdk.internal.le jdk.internal.vm.ci jdk.internal.vm.compiler jdk.internal.vm.compiler.management jdk.jartool jdk.javadoc jdk.jcmd jdk.management jdk.management.agent jdk.jconsole jdk.jdeps jdk.jdwp.agent jdk.jdi jdk.jfr jdk.jshell jdk.jsobject jdk.jstatd jdk.localedata jdk.management.jfr jdk.naming.dns jdk.naming.rmi jdk.net jdk.nio.mapmode jdk.random jdk.sctp jdk.security.auth jdk.security.jgss jdk.unsupported jdk.unsupported.desktop jdk.xml.dom" 

Environment Variables:
PATH=C:\Users\acer\AppData\Local\Programs\Microsoft VS Code;C:\Program Files\Common Files\Oracle\Java\javapath;C:\Program Files\Java\jdk-25\bin;C:\Windows\system32;C:\Windows;C:\Windows\System32\Wbem;C:\Windows\System32\WindowsPowerShell\v1.0\;C:\Windows\System32\OpenSSH\;C:\Program Files\nodejs\;C:\Program Files\dotnet\;C:\Program Files\Java\jdk-25\bin;C:\Program Files\Git\cmd;C:\ProgramData\ComposerSetup\bin;C:\Program Files\Java\jdk-25\bin;C:\Users\acer\AppData\Local\Programs\Python\Python313\;C:\Users\acer\AppData\Local\Microsoft\WindowsApps;C:\msys64\ucrt64\bin;C:\Users\acer\AppData\Local\Programs\Microsoft VS Code\bin;C:\Program Files\Java\jdk-24\bin;C:\Users\acer\AppData\Roaming\npm;C:\ProgramData\acer\GitHubDesktop\bin;C:\Users\acer\AppData\Local\GitHubDesktop\bin;C:\webdev\php;C:\Users\acer\AppData\Roaming\Composer\vendor\bin;C:\Antigravity\bin
USERNAME=acer
OS=Windows_NT
PROCESSOR_IDENTIFIER=Intel64 Family 6 Model 60 Stepping 3, GenuineIntel
TMP=C:\Users\acer\AppData\Local\Temp
TEMP=C:\Users\acer\AppData\Local\Temp




Periodic native trim disabled

---------------  S Y S T E M  ---------------

OS:
 Windows 10 , 64 bit Build 19041 (10.0.19041.5915)
OS uptime: 0 days 5:49 hours

CPU: total 4 (initial active 4) (2 cores per cpu, 2 threads per core) family 6 model 60 stepping 3 microcode 0x27, cx8, cmov, fxsr, ht, mmx, sse, sse2, sse3, ssse3, sse4.1, sse4.2, popcnt, lzcnt, tsc, tscinvbit, avx, avx2, aes, erms, clmul, bmi1, bmi2, fma, vzeroupper, clflush, rdtscp, f16c
Processor Information for the first 4 processors :
  Max Mhz: 2601, Current Mhz: 2601, Mhz Limit: 2601

Memory: 4k page, system-wide physical 16275M (4460M free)
TotalPageFile size 17299M (AvailPageFile size 1837M)
current process WorkingSet (physical memory assigned to process): 78M, peak: 78M
current process commit charge ("private bytes"): 222M, peak: 223M

vm_info: OpenJDK 64-Bit Server VM (21.0.10+7-LTS) for windows-amd64 JRE (21.0.10+7-LTS), built on 2026-01-20T00:00:00Z by "admin" with MS VC++ 17.12 (VS2022)

END.
